2021-08-11 10:43:20,760 [INFO] com.spring.LoggerApplication [restartedMain] Starting LoggerApplication using Java 16.0.2 on DESKTOP-UT80S0U with PID 15584 (C:\Users\Sowmika\eclipse-workspace\logger\target\classes started by Sowmika in C:\Users\Sowmika\eclipse-workspace\logger)
2021-08-11 10:43:20,762 [DEBUG] com.spring.LoggerApplication [restartedMain] Running with Spring Boot v2.5.3, Spring v5.3.9
2021-08-11 10:43:20,762 [INFO] com.spring.LoggerApplication [restartedMain] No active profile set, falling back to default profiles: default
2021-08-11 10:43:20,814 [INFO] org.springframework.boot.devtools.env.DevToolsPropertyDefaultsPostProcessor [restartedMain] Devtools property defaults active! Set 'spring.devtools.add-properties' to 'false' to disable
2021-08-11 10:43:20,816 [INFO] org.springframework.boot.devtools.env.DevToolsPropertyDefaultsPostProcessor [restartedMain] For additional web related logging consider setting the 'logging.level.web' property to 'DEBUG'
2021-08-11 10:43:21,127 [INFO] com.spring.LoggerApplication [restartedMain] Starting LoggerApplication using Java 16.0.2 on DESKTOP-UT80S0U with PID 6260 (C:\Users\Sowmika\eclipse-workspace\logger\target\classes started by Sowmika in C:\Users\Sowmika\eclipse-workspace\logger)
2021-08-11 10:43:21,129 [DEBUG] com.spring.LoggerApplication [restartedMain] Running with Spring Boot v2.5.3, Spring v5.3.9
2021-08-11 10:43:21,129 [INFO] com.spring.LoggerApplication [restartedMain] No active profile set, falling back to default profiles: default
2021-08-11 10:43:21,813 [INFO] org.springframework.data.repository.config.RepositoryConfigurationDelegate [restartedMain] Bootstrapping Spring Data JPA repositories in DEFAULT mode.
2021-08-11 10:43:21,824 [INFO] org.springframework.data.repository.config.RepositoryConfigurationDelegate [restartedMain] Finished Spring Data repository scanning in 6 ms. Found 0 JPA repository interfaces.
2021-08-11 10:43:22,516 [INFO] org.springframework.boot.web.embedded.tomcat.TomcatWebServer [restartedMain] Tomcat initialized with port(s): 8080 (http)
2021-08-11 10:43:22,522 [INFO] org.apache.catalina.core.StandardService [restartedMain] Starting service [Tomcat]
2021-08-11 10:43:22,524 [INFO] org.apache.catalina.core.StandardEngine [restartedMain] Starting Servlet engine: [Apache Tomcat/9.0.50]
2021-08-11 10:43:22,866 [INFO] org.apache.catalina.core.ContainerBase.[Tomcat].[localhost].[/] [restartedMain] Initializing Spring embedded WebApplicationContext
2021-08-11 10:43:22,869 [INFO] org.springframework.boot.web.servlet.context.ServletWebServerApplicationContext [restartedMain] Root WebApplicationContext: initialization completed in 1733 ms
2021-08-11 10:43:22,980 [INFO] com.zaxxer.hikari.HikariDataSource [restartedMain] HikariPool-2 - Starting...
2021-08-11 10:43:23,016 [INFO] com.zaxxer.hikari.HikariDataSource [restartedMain] HikariPool-2 - Start completed.
2021-08-11 10:43:23,017 [INFO] org.springframework.boot.autoconfigure.h2.H2ConsoleAutoConfiguration [restartedMain] H2 console available at '/h2-console'. Database available at 'jdbc:h2:mem:b2346332-f598-4201-a9ca-907b5a34304a'
2021-08-11 10:43:23,313 [INFO] org.hibernate.jpa.internal.util.LogHelper [restartedMain] HHH000204: Processing PersistenceUnitInfo [name: default]
2021-08-11 10:43:23,419 [INFO] org.hibernate.dialect.Dialect [restartedMain] HHH000400: Using dialect: org.hibernate.dialect.H2Dialect
2021-08-11 10:43:23,636 [INFO] org.hibernate.engine.transaction.jta.platform.internal.JtaPlatformInitiator [restartedMain] HHH000490: Using JtaPlatform implementation: [org.hibernate.engine.transaction.jta.platform.internal.NoJtaPlatform]
2021-08-11 10:43:23,641 [INFO] org.springframework.orm.jpa.LocalContainerEntityManagerFactoryBean [restartedMain] Initialized JPA EntityManagerFactory for persistence unit 'default'
2021-08-11 10:43:23,916 [WARN] org.springframework.boot.autoconfigure.orm.jpa.JpaBaseConfiguration$JpaWebConfiguration [restartedMain] spring.jpa.open-in-view is enabled by default. Therefore, database queries may be performed during view rendering. Explicitly configure spring.jpa.open-in-view to disable this warning
2021-08-11 10:43:24,186 [INFO] org.springframework.data.repository.config.RepositoryConfigurationDelegate [restartedMain] Bootstrapping Spring Data JPA repositories in DEFAULT mode.
2021-08-11 10:43:24,390 [INFO] org.springframework.data.repository.config.RepositoryConfigurationDelegate [restartedMain] Finished Spring Data repository scanning in 108 ms. Found 0 JPA repository interfaces.
2021-08-11 10:43:26,045 [INFO] org.springframework.boot.devtools.autoconfigure.OptionalLiveReloadServer [restartedMain] LiveReload server is running on port 35729
2021-08-11 10:43:26,401 [INFO] org.springframework.boot.web.embedded.tomcat.TomcatWebServer [restartedMain] Tomcat started on port(s): 8080 (http) with context path ''
2021-08-11 10:43:26,548 [INFO] com.spring.LoggerApplication [restartedMain] Started LoggerApplication in 5.521 seconds (JVM running for 228.641)
2021-08-11 10:43:26,568 [INFO] org.springframework.boot.devtools.autoconfigure.ConditionEvaluationDeltaLoggingListener [restartedMain] Condition evaluation unchanged
2021-08-11 10:43:30,423 [INFO] org.springframework.boot.web.embedded.tomcat.TomcatWebServer [restartedMain] Tomcat initialized with port(s): 8080 (http)
2021-08-11 10:43:30,464 [INFO] org.apache.catalina.core.StandardService [restartedMain] Starting service [Tomcat]
2021-08-11 10:43:30,465 [INFO] org.apache.catalina.core.StandardEngine [restartedMain] Starting Servlet engine: [Apache Tomcat/9.0.50]
2021-08-11 10:43:30,885 [INFO] org.apache.catalina.core.ContainerBase.[Tomcat].[localhost].[/] [restartedMain] Initializing Spring embedded WebApplicationContext
2021-08-11 10:43:30,887 [INFO] org.springframework.boot.web.servlet.context.ServletWebServerApplicationContext [restartedMain] Root WebApplicationContext: initialization completed in 10069 ms
2021-08-11 10:43:31,041 [INFO] com.zaxxer.hikari.HikariDataSource [restartedMain] HikariPool-1 - Starting...
2021-08-11 10:43:31,761 [INFO] com.zaxxer.hikari.HikariDataSource [restartedMain] HikariPool-1 - Start completed.
2021-08-11 10:43:31,795 [INFO] org.springframework.boot.autoconfigure.h2.H2ConsoleAutoConfiguration [restartedMain] H2 console available at '/h2-console'. Database available at 'jdbc:h2:mem:0e25a0c8-53e4-4037-a84b-3ab847b85527'
2021-08-11 10:43:32,492 [INFO] org.hibernate.jpa.internal.util.LogHelper [restartedMain] HHH000204: Processing PersistenceUnitInfo [name: default]
2021-08-11 10:43:32,683 [INFO] org.hibernate.Version [restartedMain] HHH000412: Hibernate ORM core version 5.4.32.Final
2021-08-11 10:43:33,145 [INFO] org.hibernate.annotations.common.Version [restartedMain] HCANN000001: Hibernate Commons Annotations {5.1.2.Final}
2021-08-11 10:43:33,626 [INFO] org.hibernate.dialect.Dialect [restartedMain] HHH000400: Using dialect: org.hibernate.dialect.H2Dialect
2021-08-11 10:43:34,356 [INFO] org.hibernate.engine.transaction.jta.platform.internal.JtaPlatformInitiator [restartedMain] HHH000490: Using JtaPlatform implementation: [org.hibernate.engine.transaction.jta.platform.internal.NoJtaPlatform]
2021-08-11 10:43:34,393 [INFO] org.springframework.orm.jpa.LocalContainerEntityManagerFactoryBean [restartedMain] Initialized JPA EntityManagerFactory for persistence unit 'default'
2021-08-11 10:43:34,572 [WARN] org.springframework.boot.autoconfigure.orm.jpa.JpaBaseConfiguration$JpaWebConfiguration [restartedMain] spring.jpa.open-in-view is enabled by default. Therefore, database queries may be performed during view rendering. Explicitly configure spring.jpa.open-in-view to disable this warning
2021-08-11 10:43:35,677 [WARN] org.springframework.boot.devtools.autoconfigure.OptionalLiveReloadServer [restartedMain] Unable to start LiveReload server
2021-08-11 10:43:35,732 [WARN] org.springframework.boot.web.servlet.context.AnnotationConfigServletWebServerApplicationContext [restartedMain] Exception encountered during context initialization - cancelling refresh attempt: org.springframework.context.ApplicationContextException: Failed to start bean 'webServerStartStop'; nested exception is org.springframework.boot.web.server.PortInUseException: Port 8080 is already in use
2021-08-11 10:43:35,740 [INFO] org.springframework.orm.jpa.LocalContainerEntityManagerFactoryBean [restartedMain] Closing JPA EntityManagerFactory for persistence unit 'default'
2021-08-11 10:43:35,741 [INFO] org.hibernate.tool.schema.internal.SchemaDropperImpl$DelayedDropActionImpl [restartedMain] HHH000477: Starting delayed evictData of schema as part of SessionFactory shut-down'
2021-08-11 10:43:35,998 [WARN] org.springframework.beans.factory.support.DisposableBeanAdapter [restartedMain] Invocation of destroy method failed on bean with name 'inMemoryDatabaseShutdownExecutor': org.h2.jdbc.JdbcSQLNonTransientConnectionException: Database is already closed (to disable automatic closing at VM shutdown, add ";DB_CLOSE_ON_EXIT=FALSE" to the db URL) [90121-200]
2021-08-11 10:43:36,000 [INFO] com.zaxxer.hikari.HikariDataSource [restartedMain] HikariPool-1 - Shutdown initiated...
2021-08-11 10:43:36,009 [INFO] com.zaxxer.hikari.HikariDataSource [restartedMain] HikariPool-1 - Shutdown completed.
2021-08-11 10:43:36,015 [INFO] org.apache.catalina.core.StandardService [restartedMain] Stopping service [Tomcat]
2021-08-11 10:43:36,062 [INFO] org.springframework.boot.autoconfigure.logging.ConditionEvaluationReportLoggingListener [restartedMain] 

Error starting ApplicationContext. To display the conditions report re-run your application with 'debug' enabled.
2021-08-11 10:43:36,135 [ERROR] org.springframework.boot.diagnostics.LoggingFailureAnalysisReporter [restartedMain] 

***************************
APPLICATION FAILED TO START
***************************

Description:

Web server failed to start. Port 8080 was already in use.

Action:

Identify and stop the process that's listening on port 8080 or configure this application to listen on another port.

2021-08-11 10:44:17,342 [INFO] com.spring.LoggerApplication [restartedMain] Starting LoggerApplication using Java 16.0.2 on DESKTOP-UT80S0U with PID 3524 (C:\Users\Sowmika\eclipse-workspace\logger\target\classes started by Sowmika in C:\Users\Sowmika\eclipse-workspace\logger)
2021-08-11 10:44:17,343 [DEBUG] com.spring.LoggerApplication [restartedMain] Running with Spring Boot v2.5.3, Spring v5.3.9
2021-08-11 10:44:17,343 [INFO] com.spring.LoggerApplication [restartedMain] No active profile set, falling back to default profiles: default
2021-08-11 10:44:17,391 [INFO] org.springframework.boot.devtools.env.DevToolsPropertyDefaultsPostProcessor [restartedMain] Devtools property defaults active! Set 'spring.devtools.add-properties' to 'false' to disable
2021-08-11 10:44:17,392 [INFO] org.springframework.boot.devtools.env.DevToolsPropertyDefaultsPostProcessor [restartedMain] For additional web related logging consider setting the 'logging.level.web' property to 'DEBUG'
2021-08-11 10:44:18,015 [INFO] org.springframework.data.repository.config.RepositoryConfigurationDelegate [restartedMain] Bootstrapping Spring Data JPA repositories in DEFAULT mode.
2021-08-11 10:44:18,033 [INFO] org.springframework.data.repository.config.RepositoryConfigurationDelegate [restartedMain] Finished Spring Data repository scanning in 6 ms. Found 0 JPA repository interfaces.
2021-08-11 10:44:18,684 [INFO] org.springframework.boot.web.embedded.tomcat.TomcatWebServer [restartedMain] Tomcat initialized with port(s): 8080 (http)
2021-08-11 10:44:18,692 [INFO] org.apache.catalina.core.StandardService [restartedMain] Starting service [Tomcat]
2021-08-11 10:44:18,693 [INFO] org.apache.catalina.core.StandardEngine [restartedMain] Starting Servlet engine: [Apache Tomcat/9.0.50]
2021-08-11 10:44:18,766 [INFO] org.apache.catalina.core.ContainerBase.[Tomcat].[localhost].[/] [restartedMain] Initializing Spring embedded WebApplicationContext
2021-08-11 10:44:18,767 [INFO] org.springframework.boot.web.servlet.context.ServletWebServerApplicationContext [restartedMain] Root WebApplicationContext: initialization completed in 1374 ms
2021-08-11 10:44:18,801 [INFO] com.zaxxer.hikari.HikariDataSource [restartedMain] HikariPool-1 - Starting...
2021-08-11 10:44:18,969 [INFO] com.zaxxer.hikari.HikariDataSource [restartedMain] HikariPool-1 - Start completed.
2021-08-11 10:44:18,974 [INFO] org.springframework.boot.autoconfigure.h2.H2ConsoleAutoConfiguration [restartedMain] H2 console available at '/h2-console'. Database available at 'jdbc:h2:mem:32d1d2de-edf6-492f-9d49-0dce087cf9e5'
2021-08-11 10:44:19,156 [INFO] org.hibernate.jpa.internal.util.LogHelper [restartedMain] HHH000204: Processing PersistenceUnitInfo [name: default]
2021-08-11 10:44:19,192 [INFO] org.hibernate.Version [restartedMain] HHH000412: Hibernate ORM core version 5.4.32.Final
2021-08-11 10:44:19,288 [INFO] org.hibernate.annotations.common.Version [restartedMain] HCANN000001: Hibernate Commons Annotations {5.1.2.Final}
2021-08-11 10:44:19,407 [INFO] org.hibernate.dialect.Dialect [restartedMain] HHH000400: Using dialect: org.hibernate.dialect.H2Dialect
2021-08-11 10:44:19,598 [INFO] org.hibernate.engine.transaction.jta.platform.internal.JtaPlatformInitiator [restartedMain] HHH000490: Using JtaPlatform implementation: [org.hibernate.engine.transaction.jta.platform.internal.NoJtaPlatform]
2021-08-11 10:44:19,607 [INFO] org.springframework.orm.jpa.LocalContainerEntityManagerFactoryBean [restartedMain] Initialized JPA EntityManagerFactory for persistence unit 'default'
2021-08-11 10:44:19,673 [WARN] org.springframework.boot.autoconfigure.orm.jpa.JpaBaseConfiguration$JpaWebConfiguration [restartedMain] spring.jpa.open-in-view is enabled by default. Therefore, database queries may be performed during view rendering. Explicitly configure spring.jpa.open-in-view to disable this warning
2021-08-11 10:44:20,046 [INFO] org.springframework.boot.devtools.autoconfigure.OptionalLiveReloadServer [restartedMain] LiveReload server is running on port 35729
2021-08-11 10:44:20,105 [INFO] org.springframework.boot.web.embedded.tomcat.TomcatWebServer [restartedMain] Tomcat started on port(s): 8080 (http) with context path ''
2021-08-11 10:44:20,119 [INFO] com.spring.LoggerApplication [restartedMain] Started LoggerApplication in 3.117 seconds (JVM running for 3.536)
2021-08-11 10:44:52,044 [INFO] org.apache.catalina.core.ContainerBase.[Tomcat].[localhost].[/] [http-nio-8080-exec-1] Initializing Spring DispatcherServlet 'dispatcherServlet'
2021-08-11 10:44:52,044 [INFO] org.springframework.web.servlet.DispatcherServlet [http-nio-8080-exec-1] Initializing Servlet 'dispatcherServlet'
2021-08-11 10:44:52,046 [INFO] org.springframework.web.servlet.DispatcherServlet [http-nio-8080-exec-1] Completed initialization in 1 ms
2021-08-11 10:44:52,144 [TRACE] com.spring.MainController [http-nio-8080-exec-1] FATAL ERROR
2021-08-11 10:44:56,977 [TRACE] com.spring.MainController [http-nio-8080-exec-2] FATAL ERROR
2021-08-11 10:44:57,704 [TRACE] com.spring.MainController [http-nio-8080-exec-3] FATAL ERROR
2021-08-11 10:44:57,823 [TRACE] com.spring.MainController [http-nio-8080-exec-4] FATAL ERROR
2021-08-11 10:44:57,959 [TRACE] com.spring.MainController [http-nio-8080-exec-5] FATAL ERROR
2021-08-11 10:44:58,089 [TRACE] com.spring.MainController [http-nio-8080-exec-6] FATAL ERROR
2021-08-11 10:44:58,221 [TRACE] com.spring.MainController [http-nio-8080-exec-7] FATAL ERROR
2021-08-11 10:44:58,439 [TRACE] com.spring.MainController [http-nio-8080-exec-8] FATAL ERROR
2021-08-11 10:52:38,665 [INFO] org.springframework.orm.jpa.LocalContainerEntityManagerFactoryBean [Thread-5] Closing JPA EntityManagerFactory for persistence unit 'default'
2021-08-11 10:52:38,667 [INFO] org.hibernate.tool.schema.internal.SchemaDropperImpl$DelayedDropActionImpl [Thread-5] HHH000477: Starting delayed evictData of schema as part of SessionFactory shut-down'
2021-08-11 10:52:38,886 [WARN] org.springframework.beans.factory.support.DisposableBeanAdapter [Thread-5] Invocation of destroy method failed on bean with name 'inMemoryDatabaseShutdownExecutor': org.h2.jdbc.JdbcSQLNonTransientConnectionException: Database is already closed (to disable automatic closing at VM shutdown, add ";DB_CLOSE_ON_EXIT=FALSE" to the db URL) [90121-200]
2021-08-11 10:52:38,887 [INFO] com.zaxxer.hikari.HikariDataSource [Thread-5] HikariPool-1 - Shutdown initiated...
2021-08-11 10:52:38,890 [INFO] com.zaxxer.hikari.HikariDataSource [Thread-5] HikariPool-1 - Shutdown completed.
